<?xml version="1.0" encoding="UTF-8"?>
<testsuite xmlns:xsi="http://www.w3.org/2001/XMLSchema-instance" xsi:noNamespaceSchemaLocation="https://maven.apache.org/surefire/maven-surefire-plugin/xsd/surefire-test-report-3.0.xsd" version="3.0" name="com.example.challengablecities.ChallengableCitiesApplicationTests" time="3.326" tests="1" errors="0" skipped="0" failures="0">
  <properties>
    <property name="java.specification.version" value="22"/>
    <property name="sun.jnu.encoding" value="UTF-8"/>
    <property name="java.class.path" value="/Users/ahmedelsayed/Documents/GitHub/Travelio/backend/Challenge/ChallengableCities/target/test-classes:/Users/ahmedelsayed/Documents/GitHub/Travelio/backend/Challenge/ChallengableCities/target/classes:/Users/ahmedelsayed/.m2/repository/org/springframework/boot/spring-boot-starter-data-mongodb/3.3.1/spring-boot-starter-data-mongodb-3.3.1.jar:/Users/ahmedelsayed/.m2/repository/org/springframework/boot/spring-boot-starter/3.3.1/spring-boot-starter-3.3.1.jar:/Users/ahmedelsayed/.m2/repository/org/springframework/boot/spring-boot/3.3.1/spring-boot-3.3.1.jar:/Users/ahmedelsayed/.m2/repository/org/springframework/boot/spring-boot-autoconfigure/3.3.1/spring-boot-autoconfigure-3.3.1.jar:/Users/ahmedelsayed/.m2/repository/org/springframework/boot/spring-boot-starter-logging/3.3.1/spring-boot-starter-logging-3.3.1.jar:/Users/ahmedelsayed/.m2/repository/ch/qos/logback/logback-classic/1.5.6/logback-classic-1.5.6.jar:/Users/ahmedelsayed/.m2/repository/ch/qos/logback/logback-core/1.5.6/logback-core-1.5.6.jar:/Users/ahmedelsayed/.m2/repository/org/apache/logging/log4j/log4j-to-slf4j/2.23.1/log4j-to-slf4j-2.23.1.jar:/Users/ahmedelsayed/.m2/repository/org/apache/logging/log4j/log4j-api/2.23.1/log4j-api-2.23.1.jar:/Users/ahmedelsayed/.m2/repository/org/slf4j/jul-to-slf4j/2.0.13/jul-to-slf4j-2.0.13.jar:/Users/ahmedelsayed/.m2/repository/jakarta/annotation/jakarta.annotation-api/2.1.1/jakarta.annotation-api-2.1.1.jar:/Users/ahmedelsayed/.m2/repository/org/yaml/snakeyaml/2.2/snakeyaml-2.2.jar:/Users/ahmedelsayed/.m2/repository/org/mongodb/mongodb-driver-sync/5.0.1/mongodb-driver-sync-5.0.1.jar:/Users/ahmedelsayed/.m2/repository/org/mongodb/bson/5.0.1/bson-5.0.1.jar:/Users/ahmedelsayed/.m2/repository/org/mongodb/mongodb-driver-core/5.0.1/mongodb-driver-core-5.0.1.jar:/Users/ahmedelsayed/.m2/repository/org/mongodb/bson-record-codec/5.0.1/bson-record-codec-5.0.1.jar:/Users/ahmedelsayed/.m2/repository/org/springframework/data/spring-data-mongodb/4.3.1/spring-data-mongodb-4.3.1.jar:/Users/ahmedelsayed/.m2/repository/org/springframework/spring-tx/6.1.10/spring-tx-6.1.10.jar:/Users/ahmedelsayed/.m2/repository/org/springframework/spring-context/6.1.10/spring-context-6.1.10.jar:/Users/ahmedelsayed/.m2/repository/org/springframework/spring-beans/6.1.10/spring-beans-6.1.10.jar:/Users/ahmedelsayed/.m2/repository/org/springframework/spring-expression/6.1.10/spring-expression-6.1.10.jar:/Users/ahmedelsayed/.m2/repository/org/springframework/data/spring-data-commons/3.3.1/spring-data-commons-3.3.1.jar:/Users/ahmedelsayed/.m2/repository/org/slf4j/slf4j-api/2.0.13/slf4j-api-2.0.13.jar:/Users/ahmedelsayed/.m2/repository/org/springframework/boot/spring-boot-starter-web/3.3.1/spring-boot-starter-web-3.3.1.jar:/Users/ahmedelsayed/.m2/repository/org/springframework/boot/spring-boot-starter-json/3.3.1/spring-boot-starter-json-3.3.1.jar:/Users/ahmedelsayed/.m2/repository/com/fasterxml/jackson/core/jackson-databind/2.17.1/jackson-databind-2.17.1.jar:/Users/ahmedelsayed/.m2/repository/com/fasterxml/jackson/core/jackson-annotations/2.17.1/jackson-annotations-2.17.1.jar:/Users/ahmedelsayed/.m2/repository/com/fasterxml/jackson/core/jackson-core/2.17.1/jackson-core-2.17.1.jar:/Users/ahmedelsayed/.m2/repository/com/fasterxml/jackson/datatype/jackson-datatype-jdk8/2.17.1/jackson-datatype-jdk8-2.17.1.jar:/Users/ahmedelsayed/.m2/repository/com/fasterxml/jackson/datatype/jackson-datatype-jsr310/2.17.1/jackson-datatype-jsr310-2.17.1.jar:/Users/ahmedelsayed/.m2/repository/com/fasterxml/jackson/module/jackson-module-parameter-names/2.17.1/jackson-module-parameter-names-2.17.1.jar:/Users/ahmedelsayed/.m2/repository/org/springframework/boot/spring-boot-starter-tomcat/3.3.1/spring-boot-starter-tomcat-3.3.1.jar:/Users/ahmedelsayed/.m2/repository/org/apache/tomcat/embed/tomcat-embed-core/10.1.25/tomcat-embed-core-10.1.25.jar:/Users/ahmedelsayed/.m2/repository/org/apache/tomcat/embed/tomcat-embed-el/10.1.25/tomcat-embed-el-10.1.25.jar:/Users/ahmedelsayed/.m2/repository/org/apache/tomcat/embed/tomcat-embed-websocket/10.1.25/tomcat-embed-websocket-10.1.25.jar:/Users/ahmedelsayed/.m2/repository/org/springframework/spring-web/6.1.10/spring-web-6.1.10.jar:/Users/ahmedelsayed/.m2/repository/io/micrometer/micrometer-observation/1.13.1/micrometer-observation-1.13.1.jar:/Users/ahmedelsayed/.m2/repository/io/micrometer/micrometer-commons/1.13.1/micrometer-commons-1.13.1.jar:/Users/ahmedelsayed/.m2/repository/org/springframework/spring-webmvc/6.1.10/spring-webmvc-6.1.10.jar:/Users/ahmedelsayed/.m2/repository/org/springframework/spring-aop/6.1.10/spring-aop-6.1.10.jar:/Users/ahmedelsayed/.m2/repository/org/projectlombok/lombok/1.18.32/lombok-1.18.32.jar:/Users/ahmedelsayed/.m2/repository/org/springframework/boot/spring-boot-starter-test/3.3.1/spring-boot-starter-test-3.3.1.jar:/Users/ahmedelsayed/.m2/repository/org/springframework/boot/spring-boot-test/3.3.1/spring-boot-test-3.3.1.jar:/Users/ahmedelsayed/.m2/repository/org/springframework/boot/spring-boot-test-autoconfigure/3.3.1/spring-boot-test-autoconfigure-3.3.1.jar:/Users/ahmedelsayed/.m2/repository/com/jayway/jsonpath/json-path/2.9.0/json-path-2.9.0.jar:/Users/ahmedelsayed/.m2/repository/jakarta/xml/bind/jakarta.xml.bind-api/4.0.2/jakarta.xml.bind-api-4.0.2.jar:/Users/ahmedelsayed/.m2/repository/jakarta/activation/jakarta.activation-api/2.1.3/jakarta.activation-api-2.1.3.jar:/Users/ahmedelsayed/.m2/repository/net/minidev/json-smart/2.5.1/json-smart-2.5.1.jar:/Users/ahmedelsayed/.m2/repository/net/minidev/accessors-smart/2.5.1/accessors-smart-2.5.1.jar:/Users/ahmedelsayed/.m2/repository/org/ow2/asm/asm/9.6/asm-9.6.jar:/Users/ahmedelsayed/.m2/repository/org/assertj/assertj-core/3.25.3/assertj-core-3.25.3.jar:/Users/ahmedelsayed/.m2/repository/net/bytebuddy/byte-buddy/1.14.17/byte-buddy-1.14.17.jar:/Users/ahmedelsayed/.m2/repository/org/awaitility/awaitility/4.2.1/awaitility-4.2.1.jar:/Users/ahmedelsayed/.m2/repository/org/hamcrest/hamcrest/2.2/hamcrest-2.2.jar:/Users/ahmedelsayed/.m2/repository/org/junit/jupiter/junit-jupiter/5.10.2/junit-jupiter-5.10.2.jar:/Users/ahmedelsayed/.m2/repository/org/junit/jupiter/junit-jupiter-api/5.10.2/junit-jupiter-api-5.10.2.jar:/Users/ahmedelsayed/.m2/repository/org/opentest4j/opentest4j/1.3.0/opentest4j-1.3.0.jar:/Users/ahmedelsayed/.m2/repository/org/junit/platform/junit-platform-commons/1.10.2/junit-platform-commons-1.10.2.jar:/Users/ahmedelsayed/.m2/repository/org/apiguardian/apiguardian-api/1.1.2/apiguardian-api-1.1.2.jar:/Users/ahmedelsayed/.m2/repository/org/junit/jupiter/junit-jupiter-params/5.10.2/junit-jupiter-params-5.10.2.jar:/Users/ahmedelsayed/.m2/repository/org/junit/jupiter/junit-jupiter-engine/5.10.2/junit-jupiter-engine-5.10.2.jar:/Users/ahmedelsayed/.m2/repository/org/junit/platform/junit-platform-engine/1.10.2/junit-platform-engine-1.10.2.jar:/Users/ahmedelsayed/.m2/repository/org/mockito/mockito-core/5.11.0/mockito-core-5.11.0.jar:/Users/ahmedelsayed/.m2/repository/net/bytebuddy/byte-buddy-agent/1.14.17/byte-buddy-agent-1.14.17.jar:/Users/ahmedelsayed/.m2/repository/org/objenesis/objenesis/3.3/objenesis-3.3.jar:/Users/ahmedelsayed/.m2/repository/org/mockito/mockito-junit-jupiter/5.11.0/mockito-junit-jupiter-5.11.0.jar:/Users/ahmedelsayed/.m2/repository/org/skyscreamer/jsonassert/1.5.1/jsonassert-1.5.1.jar:/Users/ahmedelsayed/.m2/repository/com/vaadin/external/google/android-json/0.0.20131108.vaadin1/android-json-0.0.20131108.vaadin1.jar:/Users/ahmedelsayed/.m2/repository/org/springframework/spring-core/6.1.10/spring-core-6.1.10.jar:/Users/ahmedelsayed/.m2/repository/org/springframework/spring-jcl/6.1.10/spring-jcl-6.1.10.jar:/Users/ahmedelsayed/.m2/repository/org/springframework/spring-test/6.1.10/spring-test-6.1.10.jar:/Users/ahmedelsayed/.m2/repository/org/xmlunit/xmlunit-core/2.9.1/xmlunit-core-2.9.1.jar:"/>
    <property name="java.vm.vendor" value="Homebrew"/>
    <property name="sun.arch.data.model" value="64"/>
    <property name="java.vendor.url" value="https://github.com/Homebrew/homebrew-core/issues"/>
    <property name="user.timezone" value="Africa/Cairo"/>
    <property name="os.name" value="Mac OS X"/>
    <property name="java.vm.specification.version" value="22"/>
    <property name="sun.java.launcher" value="SUN_STANDARD"/>
    <property name="user.country" value="EG"/>
    <property name="sun.boot.library.path" value="/usr/local/Cellar/openjdk/22.0.1/libexec/openjdk.jdk/Contents/Home/lib"/>
    <property name="sun.java.command" value="/Users/ahmedelsayed/Documents/GitHub/Travelio/backend/Challenge/ChallengableCities/target/surefire/surefirebooter-20240710202948534_3.jar /Users/ahmedelsayed/Documents/GitHub/Travelio/backend/Challenge/ChallengableCities/target/surefire 2024-07-10T20-29-48_440-jvmRun1 surefire-20240710202948534_1tmp surefire_0-20240710202948534_2tmp"/>
    <property name="jdk.debug" value="release"/>
    <property name="surefire.test.class.path" value="/Users/ahmedelsayed/Documents/GitHub/Travelio/backend/Challenge/ChallengableCities/target/test-classes:/Users/ahmedelsayed/Documents/GitHub/Travelio/backend/Challenge/ChallengableCities/target/classes:/Users/ahmedelsayed/.m2/repository/org/springframework/boot/spring-boot-starter-data-mongodb/3.3.1/spring-boot-starter-data-mongodb-3.3.1.jar:/Users/ahmedelsayed/.m2/repository/org/springframework/boot/spring-boot-starter/3.3.1/spring-boot-starter-3.3.1.jar:/Users/ahmedelsayed/.m2/repository/org/springframework/boot/spring-boot/3.3.1/spring-boot-3.3.1.jar:/Users/ahmedelsayed/.m2/repository/org/springframework/boot/spring-boot-autoconfigure/3.3.1/spring-boot-autoconfigure-3.3.1.jar:/Users/ahmedelsayed/.m2/repository/org/springframework/boot/spring-boot-starter-logging/3.3.1/spring-boot-starter-logging-3.3.1.jar:/Users/ahmedelsayed/.m2/repository/ch/qos/logback/logback-classic/1.5.6/logback-classic-1.5.6.jar:/Users/ahmedelsayed/.m2/repository/ch/qos/logback/logback-core/1.5.6/logback-core-1.5.6.jar:/Users/ahmedelsayed/.m2/repository/org/apache/logging/log4j/log4j-to-slf4j/2.23.1/log4j-to-slf4j-2.23.1.jar:/Users/ahmedelsayed/.m2/repository/org/apache/logging/log4j/log4j-api/2.23.1/log4j-api-2.23.1.jar:/Users/ahmedelsayed/.m2/repository/org/slf4j/jul-to-slf4j/2.0.13/jul-to-slf4j-2.0.13.jar:/Users/ahmedelsayed/.m2/repository/jakarta/annotation/jakarta.annotation-api/2.1.1/jakarta.annotation-api-2.1.1.jar:/Users/ahmedelsayed/.m2/repository/org/yaml/snakeyaml/2.2/snakeyaml-2.2.jar:/Users/ahmedelsayed/.m2/repository/org/mongodb/mongodb-driver-sync/5.0.1/mongodb-driver-sync-5.0.1.jar:/Users/ahmedelsayed/.m2/repository/org/mongodb/bson/5.0.1/bson-5.0.1.jar:/Users/ahmedelsayed/.m2/repository/org/mongodb/mongodb-driver-core/5.0.1/mongodb-driver-core-5.0.1.jar:/Users/ahmedelsayed/.m2/repository/org/mongodb/bson-record-codec/5.0.1/bson-record-codec-5.0.1.jar:/Users/ahmedelsayed/.m2/repository/org/springframework/data/spring-data-mongodb/4.3.1/spring-data-mongodb-4.3.1.jar:/Users/ahmedelsayed/.m2/repository/org/springframework/spring-tx/6.1.10/spring-tx-6.1.10.jar:/Users/ahmedelsayed/.m2/repository/org/springframework/spring-context/6.1.10/spring-context-6.1.10.jar:/Users/ahmedelsayed/.m2/repository/org/springframework/spring-beans/6.1.10/spring-beans-6.1.10.jar:/Users/ahmedelsayed/.m2/repository/org/springframework/spring-expression/6.1.10/spring-expression-6.1.10.jar:/Users/ahmedelsayed/.m2/repository/org/springframework/data/spring-data-commons/3.3.1/spring-data-commons-3.3.1.jar:/Users/ahmedelsayed/.m2/repository/org/slf4j/slf4j-api/2.0.13/slf4j-api-2.0.13.jar:/Users/ahmedelsayed/.m2/repository/org/springframework/boot/spring-boot-starter-web/3.3.1/spring-boot-starter-web-3.3.1.jar:/Users/ahmedelsayed/.m2/repository/org/springframework/boot/spring-boot-starter-json/3.3.1/spring-boot-starter-json-3.3.1.jar:/Users/ahmedelsayed/.m2/repository/com/fasterxml/jackson/core/jackson-databind/2.17.1/jackson-databind-2.17.1.jar:/Users/ahmedelsayed/.m2/repository/com/fasterxml/jackson/core/jackson-annotations/2.17.1/jackson-annotations-2.17.1.jar:/Users/ahmedelsayed/.m2/repository/com/fasterxml/jackson/core/jackson-core/2.17.1/jackson-core-2.17.1.jar:/Users/ahmedelsayed/.m2/repository/com/fasterxml/jackson/datatype/jackson-datatype-jdk8/2.17.1/jackson-datatype-jdk8-2.17.1.jar:/Users/ahmedelsayed/.m2/repository/com/fasterxml/jackson/datatype/jackson-datatype-jsr310/2.17.1/jackson-datatype-jsr310-2.17.1.jar:/Users/ahmedelsayed/.m2/repository/com/fasterxml/jackson/module/jackson-module-parameter-names/2.17.1/jackson-module-parameter-names-2.17.1.jar:/Users/ahmedelsayed/.m2/repository/org/springframework/boot/spring-boot-starter-tomcat/3.3.1/spring-boot-starter-tomcat-3.3.1.jar:/Users/ahmedelsayed/.m2/repository/org/apache/tomcat/embed/tomcat-embed-core/10.1.25/tomcat-embed-core-10.1.25.jar:/Users/ahmedelsayed/.m2/repository/org/apache/tomcat/embed/tomcat-embed-el/10.1.25/tomcat-embed-el-10.1.25.jar:/Users/ahmedelsayed/.m2/repository/org/apache/tomcat/embed/tomcat-embed-websocket/10.1.25/tomcat-embed-websocket-10.1.25.jar:/Users/ahmedelsayed/.m2/repository/org/springframework/spring-web/6.1.10/spring-web-6.1.10.jar:/Users/ahmedelsayed/.m2/repository/io/micrometer/micrometer-observation/1.13.1/micrometer-observation-1.13.1.jar:/Users/ahmedelsayed/.m2/repository/io/micrometer/micrometer-commons/1.13.1/micrometer-commons-1.13.1.jar:/Users/ahmedelsayed/.m2/repository/org/springframework/spring-webmvc/6.1.10/spring-webmvc-6.1.10.jar:/Users/ahmedelsayed/.m2/repository/org/springframework/spring-aop/6.1.10/spring-aop-6.1.10.jar:/Users/ahmedelsayed/.m2/repository/org/projectlombok/lombok/1.18.32/lombok-1.18.32.jar:/Users/ahmedelsayed/.m2/repository/org/springframework/boot/spring-boot-starter-test/3.3.1/spring-boot-starter-test-3.3.1.jar:/Users/ahmedelsayed/.m2/repository/org/springframework/boot/spring-boot-test/3.3.1/spring-boot-test-3.3.1.jar:/Users/ahmedelsayed/.m2/repository/org/springframework/boot/spring-boot-test-autoconfigure/3.3.1/spring-boot-test-autoconfigure-3.3.1.jar:/Users/ahmedelsayed/.m2/repository/com/jayway/jsonpath/json-path/2.9.0/json-path-2.9.0.jar:/Users/ahmedelsayed/.m2/repository/jakarta/xml/bind/jakarta.xml.bind-api/4.0.2/jakarta.xml.bind-api-4.0.2.jar:/Users/ahmedelsayed/.m2/repository/jakarta/activation/jakarta.activation-api/2.1.3/jakarta.activation-api-2.1.3.jar:/Users/ahmedelsayed/.m2/repository/net/minidev/json-smart/2.5.1/json-smart-2.5.1.jar:/Users/ahmedelsayed/.m2/repository/net/minidev/accessors-smart/2.5.1/accessors-smart-2.5.1.jar:/Users/ahmedelsayed/.m2/repository/org/ow2/asm/asm/9.6/asm-9.6.jar:/Users/ahmedelsayed/.m2/repository/org/assertj/assertj-core/3.25.3/assertj-core-3.25.3.jar:/Users/ahmedelsayed/.m2/repository/net/bytebuddy/byte-buddy/1.14.17/byte-buddy-1.14.17.jar:/Users/ahmedelsayed/.m2/repository/org/awaitility/awaitility/4.2.1/awaitility-4.2.1.jar:/Users/ahmedelsayed/.m2/repository/org/hamcrest/hamcrest/2.2/hamcrest-2.2.jar:/Users/ahmedelsayed/.m2/repository/org/junit/jupiter/junit-jupiter/5.10.2/junit-jupiter-5.10.2.jar:/Users/ahmedelsayed/.m2/repository/org/junit/jupiter/junit-jupiter-api/5.10.2/junit-jupiter-api-5.10.2.jar:/Users/ahmedelsayed/.m2/repository/org/opentest4j/opentest4j/1.3.0/opentest4j-1.3.0.jar:/Users/ahmedelsayed/.m2/repository/org/junit/platform/junit-platform-commons/1.10.2/junit-platform-commons-1.10.2.jar:/Users/ahmedelsayed/.m2/repository/org/apiguardian/apiguardian-api/1.1.2/apiguardian-api-1.1.2.jar:/Users/ahmedelsayed/.m2/repository/org/junit/jupiter/junit-jupiter-params/5.10.2/junit-jupiter-params-5.10.2.jar:/Users/ahmedelsayed/.m2/repository/org/junit/jupiter/junit-jupiter-engine/5.10.2/junit-jupiter-engine-5.10.2.jar:/Users/ahmedelsayed/.m2/repository/org/junit/platform/junit-platform-engine/1.10.2/junit-platform-engine-1.10.2.jar:/Users/ahmedelsayed/.m2/repository/org/mockito/mockito-core/5.11.0/mockito-core-5.11.0.jar:/Users/ahmedelsayed/.m2/repository/net/bytebuddy/byte-buddy-agent/1.14.17/byte-buddy-agent-1.14.17.jar:/Users/ahmedelsayed/.m2/repository/org/objenesis/objenesis/3.3/objenesis-3.3.jar:/Users/ahmedelsayed/.m2/repository/org/mockito/mockito-junit-jupiter/5.11.0/mockito-junit-jupiter-5.11.0.jar:/Users/ahmedelsayed/.m2/repository/org/skyscreamer/jsonassert/1.5.1/jsonassert-1.5.1.jar:/Users/ahmedelsayed/.m2/repository/com/vaadin/external/google/android-json/0.0.20131108.vaadin1/android-json-0.0.20131108.vaadin1.jar:/Users/ahmedelsayed/.m2/repository/org/springframework/spring-core/6.1.10/spring-core-6.1.10.jar:/Users/ahmedelsayed/.m2/repository/org/springframework/spring-jcl/6.1.10/spring-jcl-6.1.10.jar:/Users/ahmedelsayed/.m2/repository/org/springframework/spring-test/6.1.10/spring-test-6.1.10.jar:/Users/ahmedelsayed/.m2/repository/org/xmlunit/xmlunit-core/2.9.1/xmlunit-core-2.9.1.jar:"/>
    <property name="sun.cpu.endian" value="little"/>
    <property name="user.home" value="/Users/ahmedelsayed"/>
    <property name="user.language" value="en"/>
    <property name="java.specification.vendor" value="Oracle Corporation"/>
    <property name="java.version.date" value="2024-04-16"/>
    <property name="java.home" value="/usr/local/Cellar/openjdk/22.0.1/libexec/openjdk.jdk/Contents/Home"/>
    <property name="file.separator" value="/"/>
    <property name="basedir" value="/Users/ahmedelsayed/Documents/GitHub/Travelio/backend/Challenge/ChallengableCities"/>
    <property name="java.vm.compressedOopsMode" value="Zero based"/>
    <property name="line.separator" value="&#10;"/>
    <property name="java.vm.specification.vendor" value="Oracle Corporation"/>
    <property name="java.specification.name" value="Java Platform API Specification"/>
    <property name="FILE_LOG_CHARSET" value="UTF-8"/>
    <property name="java.awt.headless" value="true"/>
    <property name="apple.awt.application.name" value="ForkedBooter"/>
    <property name="surefire.real.class.path" value="/Users/ahmedelsayed/Documents/GitHub/Travelio/backend/Challenge/ChallengableCities/target/surefire/surefirebooter-20240710202948534_3.jar"/>
    <property name="sun.management.compiler" value="HotSpot 64-Bit Tiered Compilers"/>
    <property name="java.runtime.version" value="22.0.1"/>
    <property name="user.name" value="ahmedelsayed"/>
    <property name="stdout.encoding" value="UTF-8"/>
    <property name="path.separator" value=":"/>
    <property name="os.version" value="14.5"/>
    <property name="java.runtime.name" value="OpenJDK Runtime Environment"/>
    <property name="file.encoding" value="UTF-8"/>
    <property name="java.vm.name" value="OpenJDK 64-Bit Server VM"/>
    <property name="java.vendor.version" value="Homebrew"/>
    <property name="localRepository" value="/Users/ahmedelsayed/.m2/repository"/>
    <property name="java.vendor.url.bug" value="https://github.com/Homebrew/homebrew-core/issues"/>
    <property name="java.io.tmpdir" value="/var/folders/9r/_dwlq4s90l76_n65svdqgshr0000gn/T/"/>
    <property name="java.version" value="22.0.1"/>
    <property name="user.dir" value="/Users/ahmedelsayed/Documents/GitHub/Travelio/backend/Challenge/ChallengableCities"/>
    <property name="os.arch" value="x86_64"/>
    <property name="java.vm.specification.name" value="Java Virtual Machine Specification"/>
    <property name="PID" value="33784"/>
    <property name="CONSOLE_LOG_CHARSET" value="UTF-8"/>
    <property name="native.encoding" value="UTF-8"/>
    <property name="java.library.path" value="/Users/ahmedelsayed/Library/Java/Extensions:/Library/Java/Extensions:/Network/Library/Java/Extensions:/System/Library/Java/Extensions:/usr/lib/java:."/>
    <property name="java.vm.info" value="mixed mode, sharing"/>
    <property name="stderr.encoding" value="UTF-8"/>
    <property name="java.vendor" value="Homebrew"/>
    <property name="java.vm.version" value="22.0.1"/>
    <property name="sun.io.unicode.encoding" value="UnicodeBig"/>
    <property name="java.class.version" value="66.0"/>
    <property name="LOGGED_APPLICATION_NAME" value="[ChallengableCities] "/>
  </properties>
  <testcase name="contextLoads" classname="com.example.challengablecities.ChallengableCitiesApplicationTests" time="0.861">
    <system-out><![CDATA[20:29:49.235 [main] INFO org.springframework.test.context.support.AnnotationConfigContextLoaderUtils -- Could not detect default configuration classes for test class [com.example.challengablecities.ChallengableCitiesApplicationTests]: ChallengableCitiesApplicationTests does not declare any static, non-private, non-final, nested classes annotated with @Configuration.
20:29:49.332 [main] INFO org.springframework.boot.test.context.SpringBootTestContextBootstrapper -- Found @SpringBootConfiguration com.example.challengablecities.ChallengableCitiesApplication for test class com.example.challengablecities.ChallengableCitiesApplicationTests

  .   ____          _            __ _ _
 /\\ / ___'_ __ _ _(_)_ __  __ _ \ \ \ \
( ( )\___ | '_ | '_| | '_ \/ _` | \ \ \ \
 \\/  ___)| |_)| | | | | || (_| |  ) ) ) )
  '  |____| .__|_| |_|_| |_\__, | / / / /
 =========|_|==============|___/=/_/_/_/

 :: Spring Boot ::                (v3.3.1)

2024-07-10T20:29:49.753+03:00  INFO 33784 --- [ChallengableCities] [           main] c.e.c.ChallengableCitiesApplicationTests : Starting ChallengableCitiesApplicationTests using Java 22.0.1 with PID 33784 (started by ahmedelsayed in /Users/ahmedelsayed/Documents/GitHub/Travelio/backend/Challenge/ChallengableCities)
2024-07-10T20:29:49.755+03:00  INFO 33784 --- [ChallengableCities] [           main] c.e.c.ChallengableCitiesApplicationTests : No active profile set, falling back to 1 default profile: "default"
2024-07-10T20:29:50.299+03:00  INFO 33784 --- [ChallengableCities] [           main] .s.d.r.c.RepositoryConfigurationDelegate : Bootstrapping Spring Data MongoDB repositories in DEFAULT mode.
2024-07-10T20:29:50.343+03:00  INFO 33784 --- [ChallengableCities] [           main] .s.d.r.c.RepositoryConfigurationDelegate : Finished Spring Data repository scanning in 39 ms. Found 1 MongoDB repository interface.
2024-07-10T20:29:50.767+03:00  INFO 33784 --- [ChallengableCities] [           main] org.mongodb.driver.client                : MongoClient with metadata {"application": {"name": "Travelio"}, "driver": {"name": "mongo-java-driver|sync|spring-boot", "version": "5.0.1"}, "os": {"type": "Darwin", "name": "Mac OS X", "architecture": "x86_64", "version": "14.5"}, "platform": "Java/Homebrew/22.0.1"} created with settings MongoClientSettings{readPreference=primary, writeConcern=WriteConcern{w=majority, wTimeout=null ms, journal=null}, retryWrites=true, retryReads=true, readConcern=ReadConcern{level=null}, credential=MongoCredential{mechanism=null, userName='aemoein', source='admin', password=<hidden>, mechanismProperties=<hidden>}, transportSettings=null, commandListeners=[], codecRegistry=ProvidersCodecRegistry{codecProviders=[ValueCodecProvider{}, BsonValueCodecProvider{}, DBRefCodecProvider{}, DBObjectCodecProvider{}, DocumentCodecProvider{}, CollectionCodecProvider{}, IterableCodecProvider{}, MapCodecProvider{}, GeoJsonCodecProvider{}, GridFSFileCodecProvider{}, Jsr310CodecProvider{}, JsonObjectCodecProvider{}, BsonCodecProvider{}, EnumCodecProvider{}, com.mongodb.client.model.mql.ExpressionCodecProvider@d257579, com.mongodb.Jep395RecordCodecProvider@518ddd3b, com.mongodb.KotlinCodecProvider@939ff41]}, loggerSettings=LoggerSettings{maxDocumentLength=1000}, clusterSettings={hosts=[127.0.0.1:27017], srvHost=travelio.gb2iom0.mongodb.net, srvServiceName=mongodb, mode=MULTIPLE, requiredClusterType=REPLICA_SET, requiredReplicaSetName='atlas-135oh2-shard-0', serverSelector='null', clusterListeners='[]', serverSelectionTimeout='30000 ms', localThreshold='15 ms'}, socketSettings=SocketSettings{connectTimeoutMS=10000, readTimeoutMS=0, receiveBufferSize=0, proxySettings=ProxySettings{host=null, port=null, username=null, password=null}}, heartbeatSocketSettings=SocketSettings{connectTimeoutMS=10000, readTimeoutMS=10000, receiveBufferSize=0, proxySettings=ProxySettings{host=null, port=null, username=null, password=null}}, connectionPoolSettings=ConnectionPoolSettings{maxSize=100, minSize=0, maxWaitTimeMS=120000, maxConnectionLifeTimeMS=0, maxConnectionIdleTimeMS=0, maintenanceInitialDelayMS=0, maintenanceFrequencyMS=60000, connectionPoolListeners=[], maxConnecting=2}, serverSettings=ServerSettings{heartbeatFrequencyMS=10000, minHeartbeatFrequencyMS=500, serverListeners='[]', serverMonitorListeners='[]'}, sslSettings=SslSettings{enabled=true, invalidHostNameAllowed=false, context=null}, applicationName='Travelio', compressorList=[], uuidRepresentation=JAVA_LEGACY, serverApi=null, autoEncryptionSettings=null, dnsClient=null, inetAddressResolver=null, contextProvider=null}
2024-07-10T20:29:50.791+03:00  INFO 33784 --- [ChallengableCities] [om0.mongodb.net] org.mongodb.driver.cluster               : Adding discovered server ac-t0pc9hq-shard-00-00.gb2iom0.mongodb.net:27017 to client view of cluster
2024-07-10T20:29:50.813+03:00  INFO 33784 --- [ChallengableCities] [om0.mongodb.net] org.mongodb.driver.cluster               : Adding discovered server ac-t0pc9hq-shard-00-02.gb2iom0.mongodb.net:27017 to client view of cluster
2024-07-10T20:29:50.815+03:00  INFO 33784 --- [ChallengableCities] [om0.mongodb.net] org.mongodb.driver.cluster               : Adding discovered server ac-t0pc9hq-shard-00-01.gb2iom0.mongodb.net:27017 to client view of cluster
2024-07-10T20:29:51.497+03:00  INFO 33784 --- [ChallengableCities] [           main] c.e.c.ChallengableCitiesApplicationTests : Started ChallengableCitiesApplicationTests in 2.025 seconds (process running for 2.892)
2024-07-10T20:29:52.028+03:00  INFO 33784 --- [ChallengableCities] [ngodb.net:27017] org.mongodb.driver.cluster               : Monitor thread successfully connected to server with description ServerDescription{address=ac-t0pc9hq-shard-00-00.gb2iom0.mongodb.net:27017, type=REPLICA_SET_SECONDARY, state=CONNECTED, ok=true, minWireVersion=0, maxWireVersion=21, maxDocumentSize=16777216, logicalSessionTimeoutMinutes=30, roundTripTimeNanos=513312556, setName='atlas-135oh2-shard-0', canonicalAddress=ac-t0pc9hq-shard-00-00.gb2iom0.mongodb.net:27017, hosts=[ac-t0pc9hq-shard-00-00.gb2iom0.mongodb.net:27017, ac-t0pc9hq-shard-00-01.gb2iom0.mongodb.net:27017, ac-t0pc9hq-shard-00-02.gb2iom0.mongodb.net:27017], passives=[], arbiters=[], primary='ac-t0pc9hq-shard-00-02.gb2iom0.mongodb.net:27017', tagSet=TagSet{[Tag{name='availabilityZone', value='euw3-az1'}, Tag{name='diskState', value='READY'}, Tag{name='nodeType', value='ELECTABLE'}, Tag{name='provider', value='AWS'}, Tag{name='region', value='EU_WEST_3'}, Tag{name='workloadType', value='OPERATIONAL'}]}, electionId=null, setVersion=6, topologyVersion=TopologyVersion{processId=667f093a3da4686e495a5ea7, counter=4}, lastWriteDate=Wed Jul 10 20:29:52 EEST 2024, lastUpdateTimeNanos=237070677587161}
2024-07-10T20:29:52.028+03:00  INFO 33784 --- [ChallengableCities] [ngodb.net:27017] org.mongodb.driver.cluster               : Monitor thread successfully connected to server with description ServerDescription{address=ac-t0pc9hq-shard-00-02.gb2iom0.mongodb.net:27017, type=REPLICA_SET_PRIMARY, state=CONNECTED, ok=true, minWireVersion=0, maxWireVersion=21, maxDocumentSize=16777216, logicalSessionTimeoutMinutes=30, roundTripTimeNanos=523820000, setName='atlas-135oh2-shard-0', canonicalAddress=ac-t0pc9hq-shard-00-02.gb2iom0.mongodb.net:27017, hosts=[ac-t0pc9hq-shard-00-00.gb2iom0.mongodb.net:27017, ac-t0pc9hq-shard-00-01.gb2iom0.mongodb.net:27017, ac-t0pc9hq-shard-00-02.gb2iom0.mongodb.net:27017], passives=[], arbiters=[], primary='ac-t0pc9hq-shard-00-02.gb2iom0.mongodb.net:27017', tagSet=TagSet{[Tag{name='availabilityZone', value='euw3-az3'}, Tag{name='diskState', value='READY'}, Tag{name='nodeType', value='ELECTABLE'}, Tag{name='provider', value='AWS'}, Tag{name='region', value='EU_WEST_3'}, Tag{name='workloadType', value='OPERATIONAL'}]}, electionId=7fffffff000000000000009b, setVersion=6, topologyVersion=TopologyVersion{processId=667f0b0a13062eb4eb1b4231, counter=6}, lastWriteDate=Wed Jul 10 20:29:52 EEST 2024, lastUpdateTimeNanos=237070677518240}
2024-07-10T20:29:52.028+03:00  INFO 33784 --- [ChallengableCities] [ngodb.net:27017] org.mongodb.driver.cluster               : Monitor thread successfully connected to server with description ServerDescription{address=ac-t0pc9hq-shard-00-01.gb2iom0.mongodb.net:27017, type=REPLICA_SET_SECONDARY, state=CONNECTED, ok=true, minWireVersion=0, maxWireVersion=21, maxDocumentSize=16777216, logicalSessionTimeoutMinutes=30, roundTripTimeNanos=492234350, setName='atlas-135oh2-shard-0', canonicalAddress=ac-t0pc9hq-shard-00-01.gb2iom0.mongodb.net:27017, hosts=[ac-t0pc9hq-shard-00-00.gb2iom0.mongodb.net:27017, ac-t0pc9hq-shard-00-01.gb2iom0.mongodb.net:27017, ac-t0pc9hq-shard-00-02.gb2iom0.mongodb.net:27017], passives=[], arbiters=[], primary='ac-t0pc9hq-shard-00-02.gb2iom0.mongodb.net:27017', tagSet=TagSet{[Tag{name='availabilityZone', value='euw3-az2'}, Tag{name='diskState', value='READY'}, Tag{name='nodeType', value='ELECTABLE'}, Tag{name='provider', value='AWS'}, Tag{name='region', value='EU_WEST_3'}, Tag{name='workloadType', value='OPERATIONAL'}]}, electionId=null, setVersion=6, topologyVersion=TopologyVersion{processId=667f0c46f8a37057b19dc4f1, counter=3}, lastWriteDate=Wed Jul 10 20:29:52 EEST 2024, lastUpdateTimeNanos=237070677524927}
2024-07-10T20:29:52.032+03:00  INFO 33784 --- [ChallengableCities] [ngodb.net:27017] org.mongodb.driver.cluster               : Discovered replica set primary ac-t0pc9hq-shard-00-02.gb2iom0.mongodb.net:27017 with max election id 7fffffff000000000000009b and max set version 6
]]></system-out>
    <system-err><![CDATA[WARNING: A Java agent has been loaded dynamically (/Users/ahmedelsayed/.m2/repository/net/bytebuddy/byte-buddy-agent/1.14.17/byte-buddy-agent-1.14.17.jar)
WARNING: If a serviceability tool is in use, please run with -XX:+EnableDynamicAgentLoading to hide this warning
WARNING: If a serviceability tool is not in use, please run with -Djdk.instrument.traceUsage for more information
WARNING: Dynamic loading of agents will be disallowed by default in a future release
]]></system-err>
  </testcase>
</testsuite>